Arguments: 
  /usr/bin/node /usr/share/yarn/bin/yarn.js build]

PATH: 
  /home/rafa/.rbenv/plugins/ruby-build/bin:/home/rafa/.rbenv/shims:/home/rafa/.rbenv/bin:/home/rafa/bin:/home/rafa/.local/bin:/home/rafa/.rbenv/plugins/ruby-build/bin:/home/rafa/.rbenv/shims:/home/rafa/.rbenv/bin:/home/rafa/bin:/home/rafa/.local/bin:/usr/local/sbin:/usr/local/bin:/usr/sbin:/usr/bin:/sbin:/bin:/usr/games:/usr/local/games:/snap/bin

Yarn version: 
  1.5.1

Node version: 
  8.10.0

Platform: 
  linux x64

npm manifest: 
  {
    "name": "angular-custom-checkbox",
    "version": "0.0.8",
    "license": "MIT",
    "scripts": {
      "ng": "ng",
      "start": "ng serve",
      "build": "ng build --prod",
      "test": "ng test",
      "lint": "ng lint",
      "e2e": "ng e2e",
      "packagr": "ng-packagr -p ng-package.json"
    },
    "private": false,
    "dependencies": {
      "@angular/animations": "^5.0.0",
      "@angular/common": "^5.0.0",
      "@angular/compiler": "^5.0.0",
      "@angular/core": "^5.0.0",
      "@angular/forms": "^5.0.0",
      "@angular/http": "^5.0.0",
      "@angular/platform-browser": "^5.0.0",
      "@angular/platform-browser-dynamic": "^5.0.0",
      "@angular/router": "^5.0.0",
      "core-js": "^2.4.1",
      "rxjs": "^5.5.2",
      "zone.js": "^0.8.14",
      "pretty-checkbox": "^3.0.3"
    },
    "devDependencies": {
      "@angular/cli": "^1.6.1",
      "@angular/compiler-cli": "^5.0.0",
      "@angular/language-service": "^5.0.0",
      "@types/jasmine": "~2.5.53",
      "@types/jasminewd2": "~2.0.2",
      "@types/node": "~6.0.60",
      "codelyzer": "^4.0.1",
      "font-awesome": "^4.7.0",
      "jasmine-core": "~2.6.2",
      "jasmine-spec-reporter": "~4.1.0",
      "karma": "~1.7.0",
      "karma-chrome-launcher": "~2.1.1",
      "karma-cli": "~1.0.1",
      "karma-coverage-istanbul-reporter": "^1.2.1",
      "karma-jasmine": "~1.1.0",
      "karma-jasmine-html-reporter": "^0.2.2",
      "mdi": "^2.1.19",
      "ng-packagr": "^2.0.0",
      "pretty-checkbox": "^3.0.3",
      "protractor": "~5.1.2",
      "ts-node": "~3.2.0",
      "tslint": "~5.7.0",
      "typescript": "~2.4.2"
    }
  }

yarn manifest: 
  No manifest

Lockfile: 
  No lockfile

Trace: 
  Error: Command "build]" not found. Did you mean "build"?
      at new MessageError (/usr/share/yarn/lib/cli.js:186:110)
      at /usr/share/yarn/lib/cli.js:87307:17
      at Generator.next (<anonymous>)
      at step (/usr/share/yarn/lib/cli.js:98:30)
      at /usr/share/yarn/lib/cli.js:116:14
      at new Promise (<anonymous>)
      at new F (/usr/share/yarn/lib/cli.js:23451:28)
      at /usr/share/yarn/lib/cli.js:95:12
      at runCommand (/usr/share/yarn/lib/cli.js:87312:22)
      at Object.<anonymous> (/usr/share/yarn/lib/cli.js:87412:14)
